<?xml version="1.0" encoding="UTF-8"?>
<!-- Generated by org.testng.reporters.JUnitReportReporter -->
<testsuite skipped="0" hostname="DERIW42SLPC1327" name="basicAnnotations.TestNgClass3" tests="2" failures="0" timestamp="08 Aug 2020 06:18:57 GMT" time="0.015" errors="0">
  <testcase name="test1" time="0.006" classname="basicAnnotations.TestNgClass3"/>
  <testcase name="test2" time="0.009" classname="basicAnnotations.TestNgClass3"/>
</testsuite> <!-- basicAnnotations.TestNgClass3 -->
