<?xml version="1.0" encoding="UTF-8"?>
<!-- Generated by org.testng.reporters.JUnitReportReporter -->
<testsuite skipped="0" hostname="DERIW42SLPC1327" name="testScripts.HomePage.HomePage" tests="6" failures="0" timestamp="09 Aug 2020 07:14:01 GMT" time="11.641" errors="0">
  <testcase name="verifyIsMotorCycleVisible" time="0.042" classname="testScripts.HomePage.HomePage"/>
  <testcase name="verifyIsAutomobileVisible" time="0.084" classname="testScripts.HomePage.HomePage"/>
  <testcase name="verifyIsCamperVisible" time="0.064" classname="testScripts.HomePage.HomePage"/>
  <testcase name="verifyIsTruckVisible" time="0.051" classname="testScripts.HomePage.HomePage"/>
  <testcase name="verifyIsAutobileClickable" time="5.664" classname="testScripts.HomePage.HomePage"/>
  <testcase name="verifyIsTruckClickable" time="5.736" classname="testScripts.HomePage.HomePage"/>
</testsuite> <!-- testScripts.HomePage.HomePage -->
