<?xml version="1.0" encoding="UTF-8"?>
<!-- Generated by org.testng.reporters.JUnitReportReporter -->
<testsuite skipped="0" hostname="DERIW42SLPC1327" name="apiTesting.Test_Post" tests="1" failures="0" timestamp="23 Aug 2020 07:33:00 GMT" time="13.007" errors="0">
  <testcase name="test2" time="13.007" classname="apiTesting.Test_Post"/>
</testsuite> <!-- apiTesting.Test_Post -->
