<?xml version="1.0" encoding="UTF-8"?>
<!-- Generated by org.testng.reporters.JUnitReportReporter -->
<testsuite skipped="0" hostname="DERIW42SLPC1327" name="apiTesting.Test_Get" tests="1" failures="0" timestamp="23 Aug 2020 07:19:58 GMT" time="8.963" errors="0">
  <testcase name="test1" time="8.963" classname="apiTesting.Test_Get"/>
</testsuite> <!-- apiTesting.Test_Get -->
