<?xml version="1.0" encoding="UTF-8"?>
<!-- Generated by org.testng.reporters.JUnitReportReporter -->
<testsuite skipped="0" hostname="DERIW42SLPC1327" name="apiTesting.Test_Put" tests="1" failures="0" timestamp="23 Aug 2020 07:39:51 GMT" time="10.679" errors="0">
  <testcase name="test3" time="10.679" classname="apiTesting.Test_Put"/>
</testsuite> <!-- apiTesting.Test_Put -->
