<?xml version="1.0" encoding="UTF-8"?>
<!-- Generated by org.testng.reporters.JUnitReportReporter -->
<testsuite skipped="0" hostname="DERIW42SLPC1327" name="apiTesting.Test_Delete" tests="1" failures="0" timestamp="23 Aug 2020 07:51:59 GMT" time="9.789" errors="0">
  <testcase name="test4" time="9.789" classname="apiTesting.Test_Delete"/>
</testsuite> <!-- apiTesting.Test_Delete -->
