<?xml version="1.0" encoding="UTF-8"?>
<!-- Generated by org.testng.reporters.JUnitReportReporter -->
<testsuite skipped="0" hostname="DERIW42SLPC1327" name="testNgAttributes.TestNGParameters" tests="1" failures="0" timestamp="08 Aug 2020 07:27:13 GMT" time="0.046" errors="0">
  <testcase name="launchBrowser" time="0.046" classname="testNgAttributes.TestNGParameters"/>
</testsuite> <!-- testNgAttributes.TestNGParameters -->
