<?xml version="1.0" encoding="UTF-8"?>
<!-- Generated by org.testng.reporters.JUnitReportReporter -->
<testsuite skipped="0" hostname="DERIW42SLPC1327" name="samplePackage.Testing" tests="1" failures="0" timestamp="15 Aug 2020 05:37:48 GMT" time="0.024" errors="0">
  <testcase name="test1" time="0.024" classname="samplePackage.Testing"/>
</testsuite> <!-- samplePackage.Testing -->
